<?xml version="1.0" encoding="UTF-8"?>
<!-- Generated by org.testng.reporters.JUnitReportReporter -->
<testsuite hostname="MCM-T440s" failures="0" tests="1" name="com.lennox.tests.CheckProductTest" time="120.442" errors="0" timestamp="2021-08-20T09:22:22 IST" skipped="0">
  <testcase classname="com.lennox.tests.CheckProductTest" name="CheckProduct" time="120.442"/>
  <system-out/>
</testsuite> <!-- com.lennox.tests.CheckProductTest -->
