<?xml version="1.0" encoding="UTF-8"?>
<!-- Generated by org.testng.reporters.JUnitReportReporter -->
<testsuite hostname="MCM-T440s" failures="0" tests="4" name="com.lennox.tests.SearchProductTest" time="184.288" errors="0" timestamp="2021-08-20T09:29:46 IST" skipped="0">
  <testcase classname="com.lennox.tests.SearchProductTest" name="searchProduct" time="65.427"/>
  <system-out/>
  <testcase classname="com.lennox.tests.SearchProductTest" name="searchProduct" time="45.418"/>
  <system-out/>
  <testcase classname="com.lennox.tests.SearchProductTest" name="searchProduct" time="70.730"/>
  <system-out/>
  <testcase classname="com.lennox.tests.SearchProductTest" name="searchProduct" time="2.713"/>
  <system-out/>
</testsuite> <!-- com.lennox.tests.SearchProductTest -->
