<?xml version="1.0" encoding="UTF-8"?>
<!-- Generated by org.testng.reporters.JUnitReportReporter -->
<testsuite hostname="MCM-T440s" failures="0" tests="4" name="com.lennox.tests.ExcelDataProvider" time="170.234" errors="0" timestamp="2021-08-20T09:18:24 IST" skipped="0">
  <testcase classname="com.lennox.tests.ExcelDataProvider" name="searchProduct" time="40.312"/>
  <system-out/>
  <testcase classname="com.lennox.tests.ExcelDataProvider" name="searchProduct" time="76.290"/>
  <system-out/>
  <testcase classname="com.lennox.tests.ExcelDataProvider" name="searchProduct" time="2.336"/>
  <system-out/>
  <testcase classname="com.lennox.tests.ExcelDataProvider" name="searchProduct" time="51.296"/>
  <system-out/>
</testsuite> <!-- com.lennox.tests.ExcelDataProvider -->
